g:\大三上\软件工程\subway\subway\debug\subway.pch.codeanalysis
g:\大三上\软件工程\subway\subway\debug\vc140.pdb
g:\大三上\软件工程\subway\subway\debug\vc140.idb
g:\大三上\软件工程\subway\subway\debug\subway.pch.codeanalysisast
g:\大三上\软件工程\subway\subway\debug\stdafx.nativecodeanalysis.xml
g:\大三上\软件工程\subway\subway\debug\stdafx.obj
g:\大三上\软件工程\subway\subway\debug\subway.nativecodeanalysis.xml
g:\大三上\软件工程\subway\subway\debug\subway.obj
g:\大三上\软件工程\subway\debug\subway.ilk
g:\大三上\软件工程\subway\debug\subway.exe
g:\大三上\软件工程\subway\debug\subway.pdb
g:\大三上\软件工程\subway\subway\debug\nativecodeanalysis.read.1.tlog
g:\大三上\软件工程\subway\subway\debug\vc.nativecodeanalysis.all.xml
g:\大三上\软件工程\subway\debug\subway.exe.lastcodeanalysissucceeded
g:\大三上\软件工程\subway\subway\debug\subway.tlog\cl.command.1.tlog
g:\大三上\软件工程\subway\subway\debug\subway.tlog\cl.delete.1.tlog
g:\大三上\软件工程\subway\subway\debug\subway.tlog\cl.read.1.tlog
g:\大三上\软件工程\subway\subway\debug\subway.tlog\cl.write.1.tlog
g:\大三上\软件工程\subway\subway\debug\subway.tlog\link.command.1.tlog
g:\大三上\软件工程\subway\subway\debug\subway.tlog\link.read.1.tlog
g:\大三上\软件工程\subway\subway\debug\subway.tlog\link.write.1.tlog
